Determining if the pthread_create exist failed with the following output:
Change Dir: /media/sf_Simple-WebSocket-Server/CMakeFiles/CMakeTmp

Run Build Command:/usr/bin/make "cmTryCompileExec1882535839/fast"
/usr/bin/make -f CMakeFiles/cmTryCompileExec1882535839.dir/build.make CMakeFiles/cmTryCompileExec1882535839.dir/build
make[1]: Entering directory `/media/sf_Simple-WebSocket-Server/CMakeFiles/CMakeTmp'
/usr/bin/cmake -E cmake_progress_report /media/sf_Simple-WebSocket-Server/CMakeFiles/CMakeTmp/CMakeFiles 1
Building C object CMakeFiles/cmTryCompileExec1882535839.dir/CheckSymbolExists.c.o
/usr/bin/cc    -o CMakeFiles/cmTryCompileExec1882535839.dir/CheckSymbolExists.c.o   -c /media/sf_Simple-WebSocket-Server/CMakeFiles/CMakeTmp/CheckSymbolExists.c
Linking C executable cmTryCompileExec1882535839
/usr/bin/cmake -E cmake_link_script CMakeFiles/cmTryCompileExec1882535839.dir/link.txt --verbose=1
/usr/bin/cc       CMakeFiles/cmTryCompileExec1882535839.dir/CheckSymbolExists.c.o  -o cmTryCompileExec1882535839 -rdynamic 
CMakeFiles/cmTryCompileExec1882535839.dir/CheckSymbolExists.c.o: In function `main':
CheckSymbolExists.c:(.text+0x16): undefined reference to `pthread_create'
collect2: error: ld returned 1 exit status
make[1]: *** [cmTryCompileExec1882535839] Error 1
make[1]: Leaving directory `/media/sf_Simple-WebSocket-Server/CMakeFiles/CMakeTmp'
make: *** [cmTryCompileExec1882535839/fast] Error 2

File /media/sf_Simple-WebSocket-Server/CMakeFiles/CMakeTmp/CheckSymbolExists.c:
/* */
#include <pthread.h>

int main(int argc, char** argv)
{
  (void)argv;
#ifndef pthread_create
  return ((int*)(&pthread_create))[argc];
#else
  (void)argc;
  return 0;
#endif
}

Determining if the function pthread_create exists in the pthreads failed with the following output:
Change Dir: /media/sf_Simple-WebSocket-Server/CMakeFiles/CMakeTmp

Run Build Command:/usr/bin/make "cmTryCompileExec3015021625/fast"
/usr/bin/make -f CMakeFiles/cmTryCompileExec3015021625.dir/build.make CMakeFiles/cmTryCompileExec3015021625.dir/build
make[1]: Entering directory `/media/sf_Simple-WebSocket-Server/CMakeFiles/CMakeTmp'
/usr/bin/cmake -E cmake_progress_report /media/sf_Simple-WebSocket-Server/CMakeFiles/CMakeTmp/CMakeFiles 1
Building C object CMakeFiles/cmTryCompileExec3015021625.dir/CheckFunctionExists.c.o
/usr/bin/cc   -DCHECK_FUNCTION_EXISTS=pthread_create   -o CMakeFiles/cmTryCompileExec3015021625.dir/CheckFunctionExists.c.o   -c /usr/share/cmake-2.8/Modules/CheckFunctionExists.c
Linking C executable cmTryCompileExec3015021625
/usr/bin/cmake -E cmake_link_script CMakeFiles/cmTryCompileExec3015021625.dir/link.txt --verbose=1
/usr/bin/cc   -DCHECK_FUNCTION_EXISTS=pthread_create    CMakeFiles/cmTryCompileExec3015021625.dir/CheckFunctionExists.c.o  -o cmTryCompileExec3015021625 -rdynamic -lpthreads 
/usr/bin/ld: cannot find -lpthreads
collect2: error: ld returned 1 exit status
make[1]: *** [cmTryCompileExec3015021625] Error 1
make[1]: Leaving directory `/media/sf_Simple-WebSocket-Server/CMakeFiles/CMakeTmp'
make: *** [cmTryCompileExec3015021625/fast] Error 2


